2021-10-24 22:35:31 [INFO] Running driver...
2021-10-24 22:35:38 [INFO] Running test cases...
2021-10-24 22:35:38 [INFO] Running test case 1...
2021-10-24 22:35:40 [INFO] Test case 1 complete
2021-10-24 22:35:40 [INFO] Running test case 2...
2021-10-24 22:37:26 [INFO] Running driver...
2021-10-24 22:37:35 [INFO] Running test cases...
2021-10-24 22:37:35 [INFO] Running test case 1...
2021-10-24 22:37:35 [INFO] Test case 1 complete
2021-10-24 22:37:35 [INFO] Running test case 2...
2021-10-24 22:38:17 [INFO] Test case 2 complete
2021-10-24 22:38:17 [INFO] Running test case 3...
2021-10-24 22:38:17 [INFO] Test case 3 complete
2021-10-24 22:38:22 [INFO] Test case 4 complete
2021-10-24 22:38:22 [INFO] Retrieving test results...
2021-10-24 22:38:22 [INFO] Cleaning test results...
2021-10-24 22:40:40 [INFO] Running driver...
2021-10-24 22:40:47 [INFO] Running test cases...
2021-10-24 22:40:47 [INFO] Running test case 1...
2021-10-24 22:40:49 [INFO] Test case 1 complete
2021-10-24 22:40:49 [INFO] Running test case 2...
2021-10-24 22:41:26 [INFO] Test case 2 complete
2021-10-24 22:41:26 [INFO] Running test case 3...
2021-10-24 22:41:26 [INFO] Test case 3 complete
2021-10-24 22:41:28 [INFO] Test case 4 complete
2021-10-24 22:41:28 [INFO] Retrieving test results...
2021-10-24 22:41:28 [INFO] Cleaning test results...
2021-10-24 22:43:29 [INFO] Running driver...
2021-10-24 22:43:48 [INFO] Running test cases...
2021-10-24 22:43:48 [INFO] Running test case 1...
2021-10-24 22:43:50 [INFO] Test case 1 complete
2021-10-24 22:43:50 [INFO] Running test case 2...
2021-10-24 22:44:26 [INFO] Test case 2 complete
2021-10-24 22:44:26 [INFO] Running test case 3...
2021-10-24 22:44:26 [INFO] Test case 3 complete
2021-10-24 22:44:30 [INFO] Test case 4 complete
2021-10-24 22:44:30 [INFO] Retrieving test results...
2021-10-24 22:44:30 [INFO] Cleaning test results...
2021-10-24 22:44:30 [INFO] {'web': True, 'highest_echarts_value': None}
2021-10-24 22:44:30 [INFO] test_case_1:: PASSED
2021-10-24 22:44:30 [INFO] test_case_2:: PASSED
2021-10-24 22:44:30 [INFO] test_case_3:: PASSED
2021-10-24 22:44:30 [INFO] test_case_4:: PASSED
2021-10-24 22:44:30 [INFO] ========== 0 failed, 4 passed in 63.55 ==========
2021-10-24 22:46:38 [INFO] Running driver...
2021-10-24 22:46:54 [INFO] Running test cases...
2021-10-24 22:46:54 [INFO] Running test case 1...
2021-10-24 22:46:55 [INFO] Test case 1 complete
2021-10-24 22:46:55 [INFO] Running test case 2...
2021-10-24 22:47:32 [INFO] Test case 2 complete
2021-10-24 22:47:32 [INFO] Running test case 3...
2021-10-24 22:47:32 [INFO] Test case 3 complete
2021-10-24 22:47:35 [INFO] Test case 4 complete
2021-10-24 22:47:35 [INFO] Retrieving test results...
2021-10-24 22:47:35 [INFO] Cleaning test results...
2021-10-24 22:47:35 [INFO] {'web': True, 'highest_echarts_value': None}
2021-10-24 22:47:35 [INFO] test_case_1:: PASSED
2021-10-24 22:47:35 [INFO] test_case_2:: PASSED
2021-10-24 22:47:35 [INFO] test_case_3:: PASSED
2021-10-24 22:47:35 [INFO] test_case_4:: PASSED
2021-10-24 22:47:35 [INFO] ========== 0 failed, 4 passed in 64.21 ==========
2021-10-24 23:43:47 [INFO] Running driver...
2021-10-24 23:43:54 [INFO] Running test cases...
2021-10-24 23:43:54 [INFO] Running test case 1...
2021-10-24 23:43:57 [INFO] Test case 1 complete
2021-10-24 23:43:57 [INFO] Running test case 2...
2021-10-24 23:44:24 [INFO] Test case 2 complete
2021-10-24 23:44:24 [INFO] Running test case 3...
2021-10-24 23:44:24 [INFO] Test case 3 complete
2021-10-24 23:44:26 [INFO] Test case 4 complete
2021-10-24 23:44:26 [INFO] Retrieving test results...
2021-10-24 23:44:26 [INFO] Cleaning test results...
2021-10-24 23:44:26 [INFO] {'web': True, 'highest_echarts_value': None}
2021-10-24 23:44:26 [INFO] test_case_1:: PASSED
2021-10-24 23:44:26 [INFO] test_case_2:: PASSED
2021-10-24 23:44:26 [INFO] test_case_3:: PASSED
2021-10-24 23:44:26 [INFO] test_case_4:: PASSED
2021-10-24 23:44:26 [INFO] ========== 0 failed, 4 passed in 60.83 ==========
